<?xml version='1.0'?>
<ns2:test-suite xmlns:ns2='urn:model.allure.qatools.yandex.ru' start='1571768413193' stop='1571768477123'>
    <name>waynn home page test</name>
    <title>waynn home page test</title>
    <test-cases>
        <test-case start='1571768413194' status='passed' stop='1571768425030'>
            <name>synchronize browser</name>
            <title>synchronize browser</title>
            <labels/>
            <parameters/>
            <steps/>
            <attachments>
                <attachment title='Screenshot' source='ffa0ab33-2133-4f21-aaf6-1bc0914e617e-attachment.png' type='image/png' size='39674'/>
            </attachments>
        </test-case>
        <test-case start='1571768425032' status='passed' stop='1571768433719'>
            <name>Total-Point 900 should be 900:</name>
            <title>Total-Point 900 should be 900:</title>
            <labels/>
            <parameters/>
            <steps/>
            <attachments>
                <attachment title='Screenshot' source='1e8fc18a-ac95-4f33-a0aa-92011e27c615-attachment.png' type='image/png' size='119904'/>
            </attachments>
        </test-case>
        <test-case start='1571768433719' status='passed' stop='1571768442428'>
            <name>Total-Point 100 should not be junk character + alphabet + random number</name>
            <title>Total-Point 100 should not be junk character + alphabet + random number</title>
            <labels/>
            <parameters/>
            <steps/>
            <attachments>
                <attachment title='Screenshot' source='b7fe08a6-d4ad-4ebb-8598-12f5f71389db-attachment.png' type='image/png' size='119518'/>
            </attachments>
        </test-case>
        <test-case start='1571768442429' status='passed' stop='1571768451078'>
            <name>Total-point shloud be null (should not be 0):</name>
            <title>Total-point shloud be null (should not be 0):</title>
            <labels/>
            <parameters/>
            <steps/>
            <attachments>
                <attachment title='Screenshot' source='08e4f233-e6b7-426e-b268-8823afdc93c7-attachment.png' type='image/png' size='118451'/>
            </attachments>
        </test-case>
        <test-case start='1571768451078' status='failed' stop='1571768459811'>
            <name>Total-points shloud not be @#$% (special characters)</name>
            <title>Total-points shloud not be @#$% (special characters)</title>
            <labels/>
            <parameters/>
            <steps/>
            <attachments>
                <attachment title='Screenshot' source='030ccff1-2bc9-4821-b9a1-42c9ec71bf77-attachment.png' type='image/png' size='121210'/>
            </attachments>
            <failure>
                <message>Expected '@#$%' not to equal '@#$%'.</message>
                <stack-trace>Error: Failed expectation
                    at C:\Users\c-tandelV\Documents\BitBucket\wynn5.2\IGTTechServicesTestAutomation\test_spec\Wynn5.2_spec.js:99:30
                    at ManagedPromise.invokeCallback_ (C:\Users\c-tandelV\AppData\Roaming\npm\node_modules\protractor\node_modules\selenium-webdriver\lib\promise.js:1376:14)
                    at TaskQueue.execute_ (C:\Users\c-tandelV\AppData\Roaming\npm\node_modules\protractor\node_modules\selenium-webdriver\lib\promise.js:3084:14)
                    at TaskQueue.executeNext_ (C:\Users\c-tandelV\AppData\Roaming\npm\node_modules\protractor\node_modules\selenium-webdriver\lib\promise.js:3067:27)
                    at asyncRun (C:\Users\c-tandelV\AppData\Roaming\npm\node_modules\protractor\node_modules\selenium-webdriver\lib\promise.js:2927:27)
                    at C:\Users\c-tandelV\AppData\Roaming\npm\node_modules\protractor\node_modules\selenium-webdriver\lib\promise.js:668:7
                    at process._tickCallback (internal/process/next_tick.js:68:7)</stack-trace>
            </failure>
        </test-case>
        <test-case start='1571768459811' status='failed' stop='1571768468496'>
            <name>Total-points shloud not be xyz (alphabet):</name>
            <title>Total-points shloud not be xyz (alphabet):</title>
            <labels/>
            <parameters/>
            <steps/>
            <attachments>
                <attachment title='Screenshot' source='0c2fc8d0-9db5-40d1-b36b-fc8df19fe2a9-attachment.png' type='image/png' size='119662'/>
            </attachments>
            <failure>
                <message>Expected 'xyz' not to be 'xyz'.</message>
                <stack-trace>Error: Failed expectation
                    at C:\Users\c-tandelV\Documents\BitBucket\wynn5.2\IGTTechServicesTestAutomation\test_spec\Wynn5.2_spec.js:116:30
                    at ManagedPromise.invokeCallback_ (C:\Users\c-tandelV\AppData\Roaming\npm\node_modules\protractor\node_modules\selenium-webdriver\lib\promise.js:1376:14)
                    at TaskQueue.execute_ (C:\Users\c-tandelV\AppData\Roaming\npm\node_modules\protractor\node_modules\selenium-webdriver\lib\promise.js:3084:14)
                    at TaskQueue.executeNext_ (C:\Users\c-tandelV\AppData\Roaming\npm\node_modules\protractor\node_modules\selenium-webdriver\lib\promise.js:3067:27)
                    at asyncRun (C:\Users\c-tandelV\AppData\Roaming\npm\node_modules\protractor\node_modules\selenium-webdriver\lib\promise.js:2927:27)
                    at C:\Users\c-tandelV\AppData\Roaming\npm\node_modules\protractor\node_modules\selenium-webdriver\lib\promise.js:668:7
                    at process._tickCallback (internal/process/next_tick.js:68:7)</stack-trace>
            </failure>
        </test-case>
        <test-case start='1571768468496' status='failed' stop='1571768477119'>
            <name>Total points should not print more thne 20 digit:</name>
            <title>Total points should not print more thne 20 digit:</title>
            <labels/>
            <parameters/>
            <steps/>
            <attachments>
                <attachment title='Screenshot' source='3e057760-638c-4e89-9542-3e474fc457c2-attachment.png' type='image/png' size='124523'/>
            </attachments>
            <failure>
                <message>Expected '123456789012345678901' to be 'points out of window'.</message>
                <stack-trace>Error: Failed expectation
                    at C:\Users\c-tandelV\Documents\BitBucket\wynn5.2\IGTTechServicesTestAutomation\test_spec\Wynn5.2_spec.js:132:26
                    at ManagedPromise.invokeCallback_ (C:\Users\c-tandelV\AppData\Roaming\npm\node_modules\protractor\node_modules\selenium-webdriver\lib\promise.js:1376:14)
                    at TaskQueue.execute_ (C:\Users\c-tandelV\AppData\Roaming\npm\node_modules\protractor\node_modules\selenium-webdriver\lib\promise.js:3084:14)
                    at TaskQueue.executeNext_ (C:\Users\c-tandelV\AppData\Roaming\npm\node_modules\protractor\node_modules\selenium-webdriver\lib\promise.js:3067:27)
                    at asyncRun (C:\Users\c-tandelV\AppData\Roaming\npm\node_modules\protractor\node_modules\selenium-webdriver\lib\promise.js:2927:27)
                    at C:\Users\c-tandelV\AppData\Roaming\npm\node_modules\protractor\node_modules\selenium-webdriver\lib\promise.js:668:7
                    at process._tickCallback (internal/process/next_tick.js:68:7)</stack-trace>
            </failure>
        </test-case>
    </test-cases>
</ns2:test-suite>