<?xml version='1.0'?>
<ns2:test-suite xmlns:ns2='urn:model.allure.qatools.yandex.ru' start='1571691711921' stop='1571691772546'>
    <name>waynn home page test</name>
    <title>waynn home page test</title>
    <test-cases>
        <test-case start='1571691711922' status='passed' stop='1571691723605'>
            <name>synchronize browser</name>
            <title>synchronize browser</title>
            <labels/>
            <parameters/>
            <steps/>
            <attachments>
                <attachment title='Screenshot' source='ffd998ff-8db3-42e5-87cc-a188698fd16a-attachment.png' type='image/png' size='114378'/>
            </attachments>
        </test-case>
        <test-case start='1571691723606' status='passed' stop='1571691731788'>
            <name>Total-Point 900 should be 900:</name>
            <title>Total-Point 900 should be 900:</title>
            <labels/>
            <parameters/>
            <steps/>
            <attachments>
                <attachment title='Screenshot' source='5f6f73c6-a0a9-40d9-b9f6-d4d0122f1501-attachment.png' type='image/png' size='114048'/>
            </attachments>
        </test-case>
        <test-case start='1571691731788' status='passed' stop='1571691739936'>
            <name>Total-Point 100 should not be junk character + alphabet + random number</name>
            <title>Total-Point 100 should not be junk character + alphabet + random number</title>
            <labels/>
            <parameters/>
            <steps/>
            <attachments>
                <attachment title='Screenshot' source='5d402631-d2c4-457c-9246-70d4b59c8c62-attachment.png' type='image/png' size='113752'/>
            </attachments>
        </test-case>
        <test-case start='1571691739936' status='passed' stop='1571691748009'>
            <name>Total-point shloud be null (should not be 0):</name>
            <title>Total-point shloud be null (should not be 0):</title>
            <labels/>
            <parameters/>
            <steps/>
            <attachments>
                <attachment title='Screenshot' source='23bdd47a-2f9f-4449-b6d2-e048d4044bb3-attachment.png' type='image/png' size='112970'/>
            </attachments>
        </test-case>
        <test-case start='1571691748009' status='failed' stop='1571691756187'>
            <name>Total-points shloud not be @#$% (special characters)</name>
            <title>Total-points shloud not be @#$% (special characters)</title>
            <labels/>
            <parameters/>
            <steps/>
            <attachments>
                <attachment title='Screenshot' source='1c50f299-498b-4f15-a5e1-2a1ff6eab5ab-attachment.png' type='image/png' size='115082'/>
            </attachments>
            <failure>
                <message>Expected '@#$%' not to equal '@#$%'.</message>
                <stack-trace>Error: Failed expectation
                    at C:\Users\c-tandelV\Documents\BitBucket\wynn5.2\IGTTechServicesTestAutomation\test_spec\Wynn5.2_spec.js:99:30
                    at ManagedPromise.invokeCallback_ (C:\Users\c-tandelV\AppData\Roaming\npm\node_modules\protractor\node_modules\selenium-webdriver\lib\promise.js:1376:14)
                    at TaskQueue.execute_ (C:\Users\c-tandelV\AppData\Roaming\npm\node_modules\protractor\node_modules\selenium-webdriver\lib\promise.js:3084:14)
                    at TaskQueue.executeNext_ (C:\Users\c-tandelV\AppData\Roaming\npm\node_modules\protractor\node_modules\selenium-webdriver\lib\promise.js:3067:27)
                    at asyncRun (C:\Users\c-tandelV\AppData\Roaming\npm\node_modules\protractor\node_modules\selenium-webdriver\lib\promise.js:2927:27)
                    at C:\Users\c-tandelV\AppData\Roaming\npm\node_modules\protractor\node_modules\selenium-webdriver\lib\promise.js:668:7
                    at process._tickCallback (internal/process/next_tick.js:68:7)</stack-trace>
            </failure>
        </test-case>
        <test-case start='1571691756187' status='failed' stop='1571691764363'>
            <name>Total-points shloud not be xyz (alphabet):</name>
            <title>Total-points shloud not be xyz (alphabet):</title>
            <labels/>
            <parameters/>
            <steps/>
            <attachments>
                <attachment title='Screenshot' source='fdd05ecb-613f-48f2-96ba-0411cc4858db-attachment.png' type='image/png' size='113864'/>
            </attachments>
            <failure>
                <message>Expected 'xyz' not to be 'xyz'.</message>
                <stack-trace>Error: Failed expectation
                    at C:\Users\c-tandelV\Documents\BitBucket\wynn5.2\IGTTechServicesTestAutomation\test_spec\Wynn5.2_spec.js:116:30
                    at ManagedPromise.invokeCallback_ (C:\Users\c-tandelV\AppData\Roaming\npm\node_modules\protractor\node_modules\selenium-webdriver\lib\promise.js:1376:14)
                    at TaskQueue.execute_ (C:\Users\c-tandelV\AppData\Roaming\npm\node_modules\protractor\node_modules\selenium-webdriver\lib\promise.js:3084:14)
                    at TaskQueue.executeNext_ (C:\Users\c-tandelV\AppData\Roaming\npm\node_modules\protractor\node_modules\selenium-webdriver\lib\promise.js:3067:27)
                    at asyncRun (C:\Users\c-tandelV\AppData\Roaming\npm\node_modules\protractor\node_modules\selenium-webdriver\lib\promise.js:2927:27)
                    at C:\Users\c-tandelV\AppData\Roaming\npm\node_modules\protractor\node_modules\selenium-webdriver\lib\promise.js:668:7
                    at process._tickCallback (internal/process/next_tick.js:68:7)</stack-trace>
            </failure>
        </test-case>
        <test-case start='1571691764363' status='failed' stop='1571691772546'>
            <name>Total points should not print more thne 20 digit:</name>
            <title>Total points should not print more thne 20 digit:</title>
            <labels/>
            <parameters/>
            <steps/>
            <attachments>
                <attachment title='Screenshot' source='53fc9249-6df9-474a-900a-b8930599af13-attachment.png' type='image/png' size='117950'/>
            </attachments>
            <failure>
                <message>Expected '123456789012345678901' to be 'points out of window'.</message>
                <stack-trace>Error: Failed expectation
                    at C:\Users\c-tandelV\Documents\BitBucket\wynn5.2\IGTTechServicesTestAutomation\test_spec\Wynn5.2_spec.js:132:26
                    at ManagedPromise.invokeCallback_ (C:\Users\c-tandelV\AppData\Roaming\npm\node_modules\protractor\node_modules\selenium-webdriver\lib\promise.js:1376:14)
                    at TaskQueue.execute_ (C:\Users\c-tandelV\AppData\Roaming\npm\node_modules\protractor\node_modules\selenium-webdriver\lib\promise.js:3084:14)
                    at TaskQueue.executeNext_ (C:\Users\c-tandelV\AppData\Roaming\npm\node_modules\protractor\node_modules\selenium-webdriver\lib\promise.js:3067:27)
                    at asyncRun (C:\Users\c-tandelV\AppData\Roaming\npm\node_modules\protractor\node_modules\selenium-webdriver\lib\promise.js:2927:27)
                    at C:\Users\c-tandelV\AppData\Roaming\npm\node_modules\protractor\node_modules\selenium-webdriver\lib\promise.js:668:7
                    at process._tickCallback (internal/process/next_tick.js:68:7)</stack-trace>
            </failure>
        </test-case>
    </test-cases>
</ns2:test-suite>