<?xml version='1.0'?>
<ns2:test-suite xmlns:ns2='urn:model.allure.qatools.yandex.ru' start='1571682429407' stop='1571682490230'>
    <name>waynn home page test</name>
    <title>waynn home page test</title>
    <test-cases>
        <test-case start='1571682429407' status='passed' stop='1571682440986'>
            <name>synchronize browser</name>
            <title>synchronize browser</title>
            <labels/>
            <parameters/>
            <steps/>
            <attachments>
                <attachment title='Screenshot' source='12f3ce96-be83-4563-ab94-47a9ae7f0aa6-attachment.png' type='image/png' size='31068'/>
            </attachments>
        </test-case>
        <test-case start='1571682440986' status='passed' stop='1571682449147'>
            <name>Total-Point 900 should be 900:</name>
            <title>Total-Point 900 should be 900:</title>
            <labels/>
            <parameters/>
            <steps/>
            <attachments>
                <attachment title='Screenshot' source='08b126b2-b22e-4918-ad8a-14b067117fd8-attachment.png' type='image/png' size='77615'/>
            </attachments>
        </test-case>
        <test-case start='1571682449147' status='passed' stop='1571682457224'>
            <name>Total-Point 100 should not be junk character + alphabet + random number</name>
            <title>Total-Point 100 should not be junk character + alphabet + random number</title>
            <labels/>
            <parameters/>
            <steps/>
            <attachments>
                <attachment title='Screenshot' source='f8826d8e-5f46-4035-b943-6c5f8fbde7c3-attachment.png' type='image/png' size='77394'/>
            </attachments>
        </test-case>
        <test-case start='1571682457224' status='passed' stop='1571682465320'>
            <name>Total-point shloud be null (should not be 0):</name>
            <title>Total-point shloud be null (should not be 0):</title>
            <labels/>
            <parameters/>
            <steps/>
            <attachments>
                <attachment title='Screenshot' source='49bd0957-b6f4-4b00-963c-5d89b6d31e9e-attachment.png' type='image/png' size='76324'/>
            </attachments>
        </test-case>
        <test-case start='1571682465320' status='failed' stop='1571682473453'>
            <name>Total-points shloud not be @#$% (special characters)</name>
            <title>Total-points shloud not be @#$% (special characters)</title>
            <labels/>
            <parameters/>
            <steps/>
            <attachments>
                <attachment title='Screenshot' source='1b161f1d-209e-41b9-9882-e2a20c9e5cd4-attachment.png' type='image/png' size='78806'/>
            </attachments>
            <failure>
                <message>Expected '@#$%' not to equal '@#$%'.</message>
                <stack-trace>Error: Failed expectation
                    at C:\Users\c-tandelV\Documents\BitBucket\wynn5.2\IGTTechServicesTestAutomation\test_spec\Wynn5.2_spec.js:99:30
                    at ManagedPromise.invokeCallback_ (C:\Users\c-tandelV\AppData\Roaming\npm\node_modules\protractor\node_modules\selenium-webdriver\lib\promise.js:1376:14)
                    at TaskQueue.execute_ (C:\Users\c-tandelV\AppData\Roaming\npm\node_modules\protractor\node_modules\selenium-webdriver\lib\promise.js:3084:14)
                    at TaskQueue.executeNext_ (C:\Users\c-tandelV\AppData\Roaming\npm\node_modules\protractor\node_modules\selenium-webdriver\lib\promise.js:3067:27)
                    at asyncRun (C:\Users\c-tandelV\AppData\Roaming\npm\node_modules\protractor\node_modules\selenium-webdriver\lib\promise.js:2927:27)
                    at C:\Users\c-tandelV\AppData\Roaming\npm\node_modules\protractor\node_modules\selenium-webdriver\lib\promise.js:668:7
                    at process._tickCallback (internal/process/next_tick.js:68:7)</stack-trace>
            </failure>
        </test-case>
        <test-case start='1571682473454' status='failed' stop='1571682481815'>
            <name>Total-points shloud not be xyz (alphabet):</name>
            <title>Total-points shloud not be xyz (alphabet):</title>
            <labels/>
            <parameters/>
            <steps/>
            <attachments>
                <attachment title='Screenshot' source='0b2df154-b379-44e1-8a79-5c0d1cb3c48a-attachment.png' type='image/png' size='77326'/>
            </attachments>
            <failure>
                <message>Expected 'xyz' not to be 'xyz'.</message>
                <stack-trace>Error: Failed expectation
                    at C:\Users\c-tandelV\Documents\BitBucket\wynn5.2\IGTTechServicesTestAutomation\test_spec\Wynn5.2_spec.js:116:30
                    at ManagedPromise.invokeCallback_ (C:\Users\c-tandelV\AppData\Roaming\npm\node_modules\protractor\node_modules\selenium-webdriver\lib\promise.js:1376:14)
                    at TaskQueue.execute_ (C:\Users\c-tandelV\AppData\Roaming\npm\node_modules\protractor\node_modules\selenium-webdriver\lib\promise.js:3084:14)
                    at TaskQueue.executeNext_ (C:\Users\c-tandelV\AppData\Roaming\npm\node_modules\protractor\node_modules\selenium-webdriver\lib\promise.js:3067:27)
                    at asyncRun (C:\Users\c-tandelV\AppData\Roaming\npm\node_modules\protractor\node_modules\selenium-webdriver\lib\promise.js:2927:27)
                    at C:\Users\c-tandelV\AppData\Roaming\npm\node_modules\protractor\node_modules\selenium-webdriver\lib\promise.js:668:7
                    at process._tickCallback (internal/process/next_tick.js:68:7)</stack-trace>
            </failure>
        </test-case>
        <test-case start='1571682481815' status='failed' stop='1571682490226'>
            <name>Total points should not print more thne 20 digit:</name>
            <title>Total points should not print more thne 20 digit:</title>
            <labels/>
            <parameters/>
            <steps/>
            <attachments>
                <attachment title='Screenshot' source='5449ad08-9dd4-43f7-9534-059d94dd92e8-attachment.png' type='image/png' size='81943'/>
            </attachments>
            <failure>
                <message>Expected '123456789012345678901' to be 'points out of window'.</message>
                <stack-trace>Error: Failed expectation
                    at C:\Users\c-tandelV\Documents\BitBucket\wynn5.2\IGTTechServicesTestAutomation\test_spec\Wynn5.2_spec.js:132:26
                    at ManagedPromise.invokeCallback_ (C:\Users\c-tandelV\AppData\Roaming\npm\node_modules\protractor\node_modules\selenium-webdriver\lib\promise.js:1376:14)
                    at TaskQueue.execute_ (C:\Users\c-tandelV\AppData\Roaming\npm\node_modules\protractor\node_modules\selenium-webdriver\lib\promise.js:3084:14)
                    at TaskQueue.executeNext_ (C:\Users\c-tandelV\AppData\Roaming\npm\node_modules\protractor\node_modules\selenium-webdriver\lib\promise.js:3067:27)
                    at asyncRun (C:\Users\c-tandelV\AppData\Roaming\npm\node_modules\protractor\node_modules\selenium-webdriver\lib\promise.js:2927:27)
                    at C:\Users\c-tandelV\AppData\Roaming\npm\node_modules\protractor\node_modules\selenium-webdriver\lib\promise.js:668:7
                    at process._tickCallback (internal/process/next_tick.js:68:7)</stack-trace>
            </failure>
        </test-case>
    </test-cases>
</ns2:test-suite>