<?xml version='1.0'?>
<ns2:test-suite xmlns:ns2='urn:model.allure.qatools.yandex.ru' start='1571691217718' stop='1571691277838'>
    <name>waynn home page test</name>
    <title>waynn home page test</title>
    <test-cases>
        <test-case start='1571691217719' status='passed' stop='1571691229295'>
            <name>synchronize browser</name>
            <title>synchronize browser</title>
            <labels/>
            <parameters/>
            <steps/>
            <attachments>
                <attachment title='Screenshot' source='4d00172b-d0e8-41c9-93e4-1e5769991348-attachment.png' type='image/png' size='31068'/>
            </attachments>
        </test-case>
        <test-case start='1571691229295' status='passed' stop='1571691237431'>
            <name>Total-Point 900 should be 900:</name>
            <title>Total-Point 900 should be 900:</title>
            <labels/>
            <parameters/>
            <steps/>
            <attachments>
                <attachment title='Screenshot' source='332a5870-66bf-426b-85c3-2270eeb1da05-attachment.png' type='image/png' size='77615'/>
            </attachments>
        </test-case>
        <test-case start='1571691237431' status='passed' stop='1571691245528'>
            <name>Total-Point 100 should not be junk character + alphabet + random number</name>
            <title>Total-Point 100 should not be junk character + alphabet + random number</title>
            <labels/>
            <parameters/>
            <steps/>
            <attachments>
                <attachment title='Screenshot' source='355aee3d-5a1a-482b-8d71-4ddda2d2fde0-attachment.png' type='image/png' size='77394'/>
            </attachments>
        </test-case>
        <test-case start='1571691245528' status='passed' stop='1571691253652'>
            <name>Total-point shloud be null (should not be 0):</name>
            <title>Total-point shloud be null (should not be 0):</title>
            <labels/>
            <parameters/>
            <steps/>
            <attachments>
                <attachment title='Screenshot' source='ab1aae6e-f5c4-4287-b024-ad9ee27f99f2-attachment.png' type='image/png' size='76324'/>
            </attachments>
        </test-case>
        <test-case start='1571691253652' status='failed' stop='1571691261698'>
            <name>Total-points shloud not be @#$% (special characters)</name>
            <title>Total-points shloud not be @#$% (special characters)</title>
            <labels/>
            <parameters/>
            <steps/>
            <attachments>
                <attachment title='Screenshot' source='e22d65ce-04af-4f3b-80e8-668475394d35-attachment.png' type='image/png' size='78806'/>
            </attachments>
            <failure>
                <message>Expected '@#$%' not to equal '@#$%'.</message>
                <stack-trace>Error: Failed expectation
                    at C:\Users\c-tandelV\Documents\BitBucket\wynn5.2\IGTTechServicesTestAutomation\test_spec\Wynn5.2_spec.js:99:30
                    at ManagedPromise.invokeCallback_ (C:\Users\c-tandelV\AppData\Roaming\npm\node_modules\protractor\node_modules\selenium-webdriver\lib\promise.js:1376:14)
                    at TaskQueue.execute_ (C:\Users\c-tandelV\AppData\Roaming\npm\node_modules\protractor\node_modules\selenium-webdriver\lib\promise.js:3084:14)
                    at TaskQueue.executeNext_ (C:\Users\c-tandelV\AppData\Roaming\npm\node_modules\protractor\node_modules\selenium-webdriver\lib\promise.js:3067:27)
                    at asyncRun (C:\Users\c-tandelV\AppData\Roaming\npm\node_modules\protractor\node_modules\selenium-webdriver\lib\promise.js:2927:27)
                    at C:\Users\c-tandelV\AppData\Roaming\npm\node_modules\protractor\node_modules\selenium-webdriver\lib\promise.js:668:7
                    at process._tickCallback (internal/process/next_tick.js:68:7)</stack-trace>
            </failure>
        </test-case>
        <test-case start='1571691261698' status='failed' stop='1571691269760'>
            <name>Total-points shloud not be xyz (alphabet):</name>
            <title>Total-points shloud not be xyz (alphabet):</title>
            <labels/>
            <parameters/>
            <steps/>
            <attachments>
                <attachment title='Screenshot' source='293c78b9-bb36-4814-8f98-82d375cfe512-attachment.png' type='image/png' size='77326'/>
            </attachments>
            <failure>
                <message>Expected 'xyz' not to be 'xyz'.</message>
                <stack-trace>Error: Failed expectation
                    at C:\Users\c-tandelV\Documents\BitBucket\wynn5.2\IGTTechServicesTestAutomation\test_spec\Wynn5.2_spec.js:116:30
                    at ManagedPromise.invokeCallback_ (C:\Users\c-tandelV\AppData\Roaming\npm\node_modules\protractor\node_modules\selenium-webdriver\lib\promise.js:1376:14)
                    at TaskQueue.execute_ (C:\Users\c-tandelV\AppData\Roaming\npm\node_modules\protractor\node_modules\selenium-webdriver\lib\promise.js:3084:14)
                    at TaskQueue.executeNext_ (C:\Users\c-tandelV\AppData\Roaming\npm\node_modules\protractor\node_modules\selenium-webdriver\lib\promise.js:3067:27)
                    at asyncRun (C:\Users\c-tandelV\AppData\Roaming\npm\node_modules\protractor\node_modules\selenium-webdriver\lib\promise.js:2927:27)
                    at C:\Users\c-tandelV\AppData\Roaming\npm\node_modules\protractor\node_modules\selenium-webdriver\lib\promise.js:668:7
                    at process._tickCallback (internal/process/next_tick.js:68:7)</stack-trace>
            </failure>
        </test-case>
        <test-case start='1571691269760' status='failed' stop='1571691277837'>
            <name>Total points should not print more thne 20 digit:</name>
            <title>Total points should not print more thne 20 digit:</title>
            <labels/>
            <parameters/>
            <steps/>
            <attachments>
                <attachment title='Screenshot' source='9925b36b-a673-4bce-a37c-02be43d03240-attachment.png' type='image/png' size='81943'/>
            </attachments>
            <failure>
                <message>Expected '123456789012345678901' to be 'points out of window'.</message>
                <stack-trace>Error: Failed expectation
                    at C:\Users\c-tandelV\Documents\BitBucket\wynn5.2\IGTTechServicesTestAutomation\test_spec\Wynn5.2_spec.js:132:26
                    at ManagedPromise.invokeCallback_ (C:\Users\c-tandelV\AppData\Roaming\npm\node_modules\protractor\node_modules\selenium-webdriver\lib\promise.js:1376:14)
                    at TaskQueue.execute_ (C:\Users\c-tandelV\AppData\Roaming\npm\node_modules\protractor\node_modules\selenium-webdriver\lib\promise.js:3084:14)
                    at TaskQueue.executeNext_ (C:\Users\c-tandelV\AppData\Roaming\npm\node_modules\protractor\node_modules\selenium-webdriver\lib\promise.js:3067:27)
                    at asyncRun (C:\Users\c-tandelV\AppData\Roaming\npm\node_modules\protractor\node_modules\selenium-webdriver\lib\promise.js:2927:27)
                    at C:\Users\c-tandelV\AppData\Roaming\npm\node_modules\protractor\node_modules\selenium-webdriver\lib\promise.js:668:7
                    at process._tickCallback (internal/process/next_tick.js:68:7)</stack-trace>
            </failure>
        </test-case>
    </test-cases>
</ns2:test-suite>